<?xml version="1.0" encoding="UTF-8"?>
<testsuite xmlns:xsi="http://www.w3.org/2001/XMLSchema-instance" xsi:noNamespaceSchemaLocation="https://maven.apache.org/surefire/maven-surefire-plugin/xsd/surefire-test-report.xsd" name="TestSuite" time="3.663" tests="3" errors="0" skipped="1" failures="2">
  <properties>
[...]
</properties>
  <testcase name="setup" classname="com.blazedemo.testcases.Blaze_Demo_Test" time="1.87">
    <failure message="&#10;Parameter &apos;browserName&apos; is required by BeforeClass on method setup but has not been marked @Optional or defined&#10;" type="org.testng.TestNGException">org.testng.TestNGException: 

Parameter 'browserName' is required by BeforeClass on method setup but has not been marked @Optional or defined

</failure>
    <system-err><![CDATA[java.lang.NullPointerException
	at com.blazedemo.reporting.AutomationReport.onStart(AutomationReport.java:50)
	at org.testng.TestRunner.fireEvent(TestRunner.java:921)
	at org.testng.TestRunner.beforeRun(TestRunner.java:623)
	at org.testng.TestRunner.run(TestRunner.java:589)
	at org.testng.SuiteRunner.runTest(SuiteRunner.java:377)
	at org.testng.SuiteRunner.runSequentially(SuiteRunner.java:371)
	at org.testng.SuiteRunner.privateRun(SuiteRunner.java:332)
	at org.testng.SuiteRunner.run(SuiteRunner.java:276)
	at org.testng.SuiteRunnerWorker.runSuite(SuiteRunnerWorker.java:53)
	at org.testng.SuiteRunnerWorker.run(SuiteRunnerWorker.java:96)
	at org.testng.TestNG.runSuitesSequentially(TestNG.java:1212)
	at org.testng.TestNG.runSuitesLocally(TestNG.java:1134)
	at org.testng.TestNG.runSuites(TestNG.java:1063)
	at org.testng.TestNG.run(TestNG.java:1031)
	at org.apache.maven.surefire.testng.TestNGExecutor.run(TestNGExecutor.java:135)
	at org.apache.maven.surefire.testng.TestNGDirectoryTestSuite.executeMulti(TestNGDirectoryTestSuite.java:193)
	at org.apache.maven.surefire.testng.TestNGDirectoryTestSuite.execute(TestNGDirectoryTestSuite.java:94)
	at org.apache.maven.surefire.testng.TestNGProvider.invoke(TestNGProvider.java:146)
	at org.apache.maven.surefire.booter.ForkedBooter.invokeProviderInSameClassLoader(ForkedBooter.java:373)
	at org.apache.maven.surefire.booter.ForkedBooter.runSuitesInProcess(ForkedBooter.java:334)
	at org.apache.maven.surefire.booter.ForkedBooter.execute(ForkedBooter.java:119)
	at org.apache.maven.surefire.booter.ForkedBooter.main(ForkedBooter.java:407)
]]></system-err>
  </testcase>
  <testcase name="verifyBookingFlight" classname="com.blazedemo.testcases.Blaze_Demo_Test" time="0">
    <skipped message="&#10;Parameter &apos;browserName&apos; is required by BeforeClass on method setup but has not been marked @Optional or defined&#10;"/>
    <system-out><![CDATA[********************************************
TEST CASE: verifyBookingFlight IS SKIPPED
********************************************
]]></system-out>
  </testcase>
  <testcase name="tearDownMethod" classname="com.blazedemo.testcases.Blaze_Demo_Test" time="1.485">
    <failure message="Exception in com.blazedemo.action.UtilityActions.quitBrowser()" type="com.blazedemo.exception.AutomationException">com.blazedemo.exception.AutomationException: Exception in com.blazedemo.action.UtilityActions.quitBrowser()
Caused by: java.lang.NullPointerException
</failure>
    <system-out><![CDATA[********************************************
TEST CASE EXECUTION COMPLETED ON QA
********************************************
]]></system-out>
  </testcase>
</testsuite>