<?xml version="1.0" encoding="UTF-8"?>
<testng-results skipped="0" failed="0" ignored="0" total="6" passed="6">
  <reporter-output>
    <line>
      <![CDATA[https://blazedemo.com/index.php is loaded successfully]]>
    </line>
    <line>
      <![CDATA[Element: [[FirefoxDriver: firefox on MAC (8df47a49-c650-4f82-be85-aeba9fabe17f)] -> css selector: select[name="fromPort"]]is selected]]>
    </line>
    <line>
      <![CDATA[Element: [[FirefoxDriver: firefox on MAC (8df47a49-c650-4f82-be85-aeba9fabe17f)] -> css selector: select[name="toPort"]]is selected]]>
    </line>
    <line>
      <![CDATA[Successfully clicked on [[FirefoxDriver: firefox on MAC (8df47a49-c650-4f82-be85-aeba9fabe17f)] -> css selector: input[type="submit"]]]]>
    </line>
    <line>
      <![CDATA[https://blazedemo.com/index.php is loaded successfully]]>
    </line>
    <line>
      <![CDATA[Data Lilliana Upton successfully entered into [[FirefoxDriver: firefox on MAC (8df47a49-c650-4f82-be85-aeba9fabe17f)] -> id: inputName]]]>
    </line>
    <line>
      <![CDATA[Data Suite 772 1296 Bryant Squares, Erikburgh, AR 21601 successfully entered into [[FirefoxDriver: firefox on MAC (8df47a49-c650-4f82-be85-aeba9fabe17f)] -> id: address]]]>
    </line>
    <line>
      <![CDATA[Data Mrazhaven successfully entered into [[FirefoxDriver: firefox on MAC (8df47a49-c650-4f82-be85-aeba9fabe17f)] -> id: city]]]>
    </line>
    <line>
      <![CDATA[Data Iowa successfully entered into [[FirefoxDriver: firefox on MAC (8df47a49-c650-4f82-be85-aeba9fabe17f)] -> id: state]]]>
    </line>
    <line>
      <![CDATA[Data 93466 successfully entered into [[FirefoxDriver: firefox on MAC (8df47a49-c650-4f82-be85-aeba9fabe17f)] -> id: zipCode]]]>
    </line>
    <line>
      <![CDATA[Element: [[ChromeDriver: chrome on MAC (257629b06b572516e5d0b938f97ac09f)] -> css selector: select[name="fromPort"]]is selected]]>
    </line>
    <line>
      <![CDATA[Element: [[ChromeDriver: chrome on MAC (257629b06b572516e5d0b938f97ac09f)] -> css selector: select[name="toPort"]]is selected]]>
    </line>
    <line>
      <![CDATA[Element: [[FirefoxDriver: firefox on MAC (8df47a49-c650-4f82-be85-aeba9fabe17f)] -> id: cardType]is selected]]>
    </line>
    <line>
      <![CDATA[Data 1228-1221-1221-1431 successfully entered into [[FirefoxDriver: firefox on MAC (8df47a49-c650-4f82-be85-aeba9fabe17f)] -> id: creditCardNumber]]]>
    </line>
    <line>
      <![CDATA[Data 1 successfully entered into [[FirefoxDriver: firefox on MAC (8df47a49-c650-4f82-be85-aeba9fabe17f)] -> id: creditCardMonth]]]>
    </line>
    <line>
      <![CDATA[Data 2019 successfully entered into [[FirefoxDriver: firefox on MAC (8df47a49-c650-4f82-be85-aeba9fabe17f)] -> id: creditCardYear]]]>
    </line>
    <line>
      <![CDATA[Data Lilliana Upton successfully entered into [[FirefoxDriver: firefox on MAC (8df47a49-c650-4f82-be85-aeba9fabe17f)] -> id: nameOnCard]]]>
    </line>
    <line>
      <![CDATA[Successfully clicked on [[ChromeDriver: chrome on MAC (257629b06b572516e5d0b938f97ac09f)] -> css selector: input[type="submit"]]]]>
    </line>
    <line>
      <![CDATA[Data Shaunda Aufderhar successfully entered into [[ChromeDriver: chrome on MAC (257629b06b572516e5d0b938f97ac09f)] -> id: inputName]]]>
    </line>
    <line>
      <![CDATA[Data 268 Schuppe Ways, Louisville, UT 14472 successfully entered into [[ChromeDriver: chrome on MAC (257629b06b572516e5d0b938f97ac09f)] -> id: address]]]>
    </line>
    <line>
      <![CDATA[Data Lake Luana successfully entered into [[ChromeDriver: chrome on MAC (257629b06b572516e5d0b938f97ac09f)] -> id: city]]]>
    </line>
    <line>
      <![CDATA[Data New Mexico successfully entered into [[ChromeDriver: chrome on MAC (257629b06b572516e5d0b938f97ac09f)] -> id: state]]]>
    </line>
    <line>
      <![CDATA[Data 81710 successfully entered into [[ChromeDriver: chrome on MAC (257629b06b572516e5d0b938f97ac09f)] -> id: zipCode]]]>
    </line>
    <line>
      <![CDATA[Element: [[ChromeDriver: chrome on MAC (257629b06b572516e5d0b938f97ac09f)] -> id: cardType]is selected]]>
    </line>
    <line>
      <![CDATA[Data 1234-2121-1221-1211 successfully entered into [[ChromeDriver: chrome on MAC (257629b06b572516e5d0b938f97ac09f)] -> id: creditCardNumber]]]>
    </line>
    <line>
      <![CDATA[Data 11 successfully entered into [[ChromeDriver: chrome on MAC (257629b06b572516e5d0b938f97ac09f)] -> id: creditCardMonth]]]>
    </line>
    <line>
      <![CDATA[Data 2014 successfully entered into [[ChromeDriver: chrome on MAC (257629b06b572516e5d0b938f97ac09f)] -> id: creditCardYear]]]>
    </line>
    <line>
      <![CDATA[Data Shaunda Aufderhar successfully entered into [[ChromeDriver: chrome on MAC (257629b06b572516e5d0b938f97ac09f)] -> id: nameOnCard]]]>
    </line>
    <line>
      <![CDATA[Successfully clicked on Proxy element for: DefaultElementLocator 'By.xpath: //input[@type='submit']']]>
    </line>
    <line>
      <![CDATA[https://blazedemo.com/index.php is loaded successfully]]>
    </line>
    <line>
      <![CDATA[Element: [[FirefoxDriver: firefox on MAC (8df47a49-c650-4f82-be85-aeba9fabe17f)] -> css selector: select[name="fromPort"]]is selected]]>
    </line>
    <line>
      <![CDATA[Element: [[FirefoxDriver: firefox on MAC (8df47a49-c650-4f82-be85-aeba9fabe17f)] -> css selector: select[name="toPort"]]is selected]]>
    </line>
    <line>
      <![CDATA[Successfully clicked on Proxy element for: DefaultElementLocator 'By.xpath: //input[@type='submit']']]>
    </line>
    <line>
      <![CDATA[Successfully clicked on [[FirefoxDriver: firefox on MAC (8df47a49-c650-4f82-be85-aeba9fabe17f)] -> css selector: input[type="submit"]]]]>
    </line>
    <line>
      <![CDATA[https://blazedemo.com/index.php is loaded successfully]]>
    </line>
    <line>
      <![CDATA[Element: [[ChromeDriver: chrome on MAC (257629b06b572516e5d0b938f97ac09f)] -> css selector: select[name="fromPort"]]is selected]]>
    </line>
    <line>
      <![CDATA[Element: [[ChromeDriver: chrome on MAC (257629b06b572516e5d0b938f97ac09f)] -> css selector: select[name="toPort"]]is selected]]>
    </line>
    <line>
      <![CDATA[Data Johnnie Predovic successfully entered into [[FirefoxDriver: firefox on MAC (8df47a49-c650-4f82-be85-aeba9fabe17f)] -> id: inputName]]]>
    </line>
    <line>
      <![CDATA[Data 33538 Orn Terrace, Port Wilfred, CO 67864-9747 successfully entered into [[FirefoxDriver: firefox on MAC (8df47a49-c650-4f82-be85-aeba9fabe17f)] -> id: address]]]>
    </line>
    <line>
      <![CDATA[Data East Aracelis successfully entered into [[FirefoxDriver: firefox on MAC (8df47a49-c650-4f82-be85-aeba9fabe17f)] -> id: city]]]>
    </line>
    <line>
      <![CDATA[Data Virginia successfully entered into [[FirefoxDriver: firefox on MAC (8df47a49-c650-4f82-be85-aeba9fabe17f)] -> id: state]]]>
    </line>
    <line>
      <![CDATA[Data 99142 successfully entered into [[FirefoxDriver: firefox on MAC (8df47a49-c650-4f82-be85-aeba9fabe17f)] -> id: zipCode]]]>
    </line>
    <line>
      <![CDATA[Successfully clicked on [[ChromeDriver: chrome on MAC (257629b06b572516e5d0b938f97ac09f)] -> css selector: input[type="submit"]]]]>
    </line>
    <line>
      <![CDATA[Element: [[FirefoxDriver: firefox on MAC (8df47a49-c650-4f82-be85-aeba9fabe17f)] -> id: cardType]is selected]]>
    </line>
    <line>
      <![CDATA[Data 1228-1221-1221-1431 successfully entered into [[FirefoxDriver: firefox on MAC (8df47a49-c650-4f82-be85-aeba9fabe17f)] -> id: creditCardNumber]]]>
    </line>
    <line>
      <![CDATA[Data 10 successfully entered into [[FirefoxDriver: firefox on MAC (8df47a49-c650-4f82-be85-aeba9fabe17f)] -> id: creditCardMonth]]]>
    </line>
    <line>
      <![CDATA[Data 2005 successfully entered into [[FirefoxDriver: firefox on MAC (8df47a49-c650-4f82-be85-aeba9fabe17f)] -> id: creditCardYear]]]>
    </line>
    <line>
      <![CDATA[Data Johnnie Predovic successfully entered into [[FirefoxDriver: firefox on MAC (8df47a49-c650-4f82-be85-aeba9fabe17f)] -> id: nameOnCard]]]>
    </line>
    <line>
      <![CDATA[Successfully clicked on [[FirefoxDriver: firefox on MAC (8df47a49-c650-4f82-be85-aeba9fabe17f)] -> id: rememberMe]]]>
    </line>
    <line>
      <![CDATA[Data Mechelle Brakus successfully entered into [[ChromeDriver: chrome on MAC (257629b06b572516e5d0b938f97ac09f)] -> id: inputName]]]>
    </line>
    <line>
      <![CDATA[Data 6292 Hansen Spur, Port Tessa, ND 83658 successfully entered into [[ChromeDriver: chrome on MAC (257629b06b572516e5d0b938f97ac09f)] -> id: address]]]>
    </line>
    <line>
      <![CDATA[Data Uptonbury successfully entered into [[ChromeDriver: chrome on MAC (257629b06b572516e5d0b938f97ac09f)] -> id: city]]]>
    </line>
    <line>
      <![CDATA[Data Alaska successfully entered into [[ChromeDriver: chrome on MAC (257629b06b572516e5d0b938f97ac09f)] -> id: state]]]>
    </line>
    <line>
      <![CDATA[Data 44693 successfully entered into [[ChromeDriver: chrome on MAC (257629b06b572516e5d0b938f97ac09f)] -> id: zipCode]]]>
    </line>
    <line>
      <![CDATA[Element: [[ChromeDriver: chrome on MAC (257629b06b572516e5d0b938f97ac09f)] -> id: cardType]is selected]]>
    </line>
    <line>
      <![CDATA[Data 1212-1221-1121-1234 successfully entered into [[ChromeDriver: chrome on MAC (257629b06b572516e5d0b938f97ac09f)] -> id: creditCardNumber]]]>
    </line>
    <line>
      <![CDATA[Data 10 successfully entered into [[ChromeDriver: chrome on MAC (257629b06b572516e5d0b938f97ac09f)] -> id: creditCardMonth]]]>
    </line>
    <line>
      <![CDATA[Data 2019 successfully entered into [[ChromeDriver: chrome on MAC (257629b06b572516e5d0b938f97ac09f)] -> id: creditCardYear]]]>
    </line>
    <line>
      <![CDATA[Data Mechelle Brakus successfully entered into [[ChromeDriver: chrome on MAC (257629b06b572516e5d0b938f97ac09f)] -> id: nameOnCard]]]>
    </line>
    <line>
      <![CDATA[Successfully clicked on [[ChromeDriver: chrome on MAC (257629b06b572516e5d0b938f97ac09f)] -> id: rememberMe]]]>
    </line>
    <line>
      <![CDATA[Successfully clicked on Proxy element for: DefaultElementLocator 'By.xpath: //input[@type='submit']']]>
    </line>
    <line>
      <![CDATA[https://blazedemo.com/index.php is loaded successfully]]>
    </line>
    <line>
      <![CDATA[Element: [[FirefoxDriver: firefox on MAC (8df47a49-c650-4f82-be85-aeba9fabe17f)] -> css selector: select[name="fromPort"]]is selected]]>
    </line>
    <line>
      <![CDATA[Element: [[FirefoxDriver: firefox on MAC (8df47a49-c650-4f82-be85-aeba9fabe17f)] -> css selector: select[name="toPort"]]is selected]]>
    </line>
    <line>
      <![CDATA[Successfully clicked on Proxy element for: DefaultElementLocator 'By.xpath: //input[@type='submit']']]>
    </line>
    <line>
      <![CDATA[Successfully clicked on [[FirefoxDriver: firefox on MAC (8df47a49-c650-4f82-be85-aeba9fabe17f)] -> css selector: input[type="submit"]]]]>
    </line>
    <line>
      <![CDATA[https://blazedemo.com/index.php is loaded successfully]]>
    </line>
    <line>
      <![CDATA[Element: [[ChromeDriver: chrome on MAC (257629b06b572516e5d0b938f97ac09f)] -> css selector: select[name="fromPort"]]is selected]]>
    </line>
    <line>
      <![CDATA[Element: [[ChromeDriver: chrome on MAC (257629b06b572516e5d0b938f97ac09f)] -> css selector: select[name="toPort"]]is selected]]>
    </line>
    <line>
      <![CDATA[Successfully clicked on [[ChromeDriver: chrome on MAC (257629b06b572516e5d0b938f97ac09f)] -> css selector: input[type="submit"]]]]>
    </line>
    <line>
      <![CDATA[Successfully clicked on Proxy element for: DefaultElementLocator 'By.xpath: //input[@type='submit']']]>
    </line>
    <line>
      <![CDATA[Successfully clicked on Proxy element for: DefaultElementLocator 'By.xpath: //input[@type='submit']']]>
    </line>
  </reporter-output>
  <suite name="Blaze Demo UI Automation Tests" duration-ms="55535" started-at="2021-12-20T08:35:59 IST" finished-at="2021-12-20T08:36:55 IST">
    <groups>
    </groups>
    <test name="Blaze_Demo_Test_FF" duration-ms="54037" started-at="2021-12-20T08:35:59 IST" finished-at="2021-12-20T08:36:53 IST">
      <class name="com.blazedemo.testcases.Blaze_Demo_Test">
        <test-method status="PASS" signature="setup(java.lang.String)[pri:0, instance:com.blazedemo.testcases.Blaze_Demo_Test@71d15f18]" name="setup" is-config="true" duration-ms="6161" started-at="2021-12-20T08:35:59 IST" finished-at="2021-12-20T08:36:06 IST">
          <params>
            <param index="0">
              <value>
                <![CDATA[firefox]]>
              </value>
            </param>
          </params>
          <reporter-output>
          </reporter-output>
        </test-method> <!-- setup -->
        <test-method status="PASS" signature="verifyBookingFlight()[pri:0, instance:com.blazedemo.testcases.Blaze_Demo_Test@71d15f18]" name="verifyBookingFlight" duration-ms="22000" started-at="2021-12-20T08:36:06 IST" description="Verify booking flight functionality" finished-at="2021-12-20T08:36:28 IST">
          <reporter-output>
            <line>
              <![CDATA[https://blazedemo.com/index.php is loaded successfully]]>
            </line>
            <line>
              <![CDATA[Element: [[FirefoxDriver: firefox on MAC (8df47a49-c650-4f82-be85-aeba9fabe17f)] -> css selector: select[name="fromPort"]]is selected]]>
            </line>
            <line>
              <![CDATA[Element: [[FirefoxDriver: firefox on MAC (8df47a49-c650-4f82-be85-aeba9fabe17f)] -> css selector: select[name="toPort"]]is selected]]>
            </line>
            <line>
              <![CDATA[Successfully clicked on [[FirefoxDriver: firefox on MAC (8df47a49-c650-4f82-be85-aeba9fabe17f)] -> css selector: input[type="submit"]]]]>
            </line>
            <line>
              <![CDATA[Data Lilliana Upton successfully entered into [[FirefoxDriver: firefox on MAC (8df47a49-c650-4f82-be85-aeba9fabe17f)] -> id: inputName]]]>
            </line>
            <line>
              <![CDATA[Data Suite 772 1296 Bryant Squares, Erikburgh, AR 21601 successfully entered into [[FirefoxDriver: firefox on MAC (8df47a49-c650-4f82-be85-aeba9fabe17f)] -> id: address]]]>
            </line>
            <line>
              <![CDATA[Data Mrazhaven successfully entered into [[FirefoxDriver: firefox on MAC (8df47a49-c650-4f82-be85-aeba9fabe17f)] -> id: city]]]>
            </line>
            <line>
              <![CDATA[Data Iowa successfully entered into [[FirefoxDriver: firefox on MAC (8df47a49-c650-4f82-be85-aeba9fabe17f)] -> id: state]]]>
            </line>
            <line>
              <![CDATA[Data 93466 successfully entered into [[FirefoxDriver: firefox on MAC (8df47a49-c650-4f82-be85-aeba9fabe17f)] -> id: zipCode]]]>
            </line>
            <line>
              <![CDATA[Element: [[FirefoxDriver: firefox on MAC (8df47a49-c650-4f82-be85-aeba9fabe17f)] -> id: cardType]is selected]]>
            </line>
            <line>
              <![CDATA[Data 1228-1221-1221-1431 successfully entered into [[FirefoxDriver: firefox on MAC (8df47a49-c650-4f82-be85-aeba9fabe17f)] -> id: creditCardNumber]]]>
            </line>
            <line>
              <![CDATA[Data 1 successfully entered into [[FirefoxDriver: firefox on MAC (8df47a49-c650-4f82-be85-aeba9fabe17f)] -> id: creditCardMonth]]]>
            </line>
            <line>
              <![CDATA[Data 2019 successfully entered into [[FirefoxDriver: firefox on MAC (8df47a49-c650-4f82-be85-aeba9fabe17f)] -> id: creditCardYear]]]>
            </line>
            <line>
              <![CDATA[Data Lilliana Upton successfully entered into [[FirefoxDriver: firefox on MAC (8df47a49-c650-4f82-be85-aeba9fabe17f)] -> id: nameOnCard]]]>
            </line>
            <line>
              <![CDATA[Successfully clicked on Proxy element for: DefaultElementLocator 'By.xpath: //input[@type='submit']']]>
            </line>
          </reporter-output>
        </test-method> <!-- verifyBookingFlight -->
        <test-method status="PASS" signature="verifyBookingFlightWithRememberMe()[pri:0, instance:com.blazedemo.testcases.Blaze_Demo_Test@71d15f18]" name="verifyBookingFlightWithRememberMe" duration-ms="13358" started-at="2021-12-20T08:36:28 IST" description="Verify booking flight functionality with Remember Me option checked" finished-at="2021-12-20T08:36:41 IST">
          <reporter-output>
            <line>
              <![CDATA[https://blazedemo.com/index.php is loaded successfully]]>
            </line>
            <line>
              <![CDATA[Element: [[FirefoxDriver: firefox on MAC (8df47a49-c650-4f82-be85-aeba9fabe17f)] -> css selector: select[name="fromPort"]]is selected]]>
            </line>
            <line>
              <![CDATA[Element: [[FirefoxDriver: firefox on MAC (8df47a49-c650-4f82-be85-aeba9fabe17f)] -> css selector: select[name="toPort"]]is selected]]>
            </line>
            <line>
              <![CDATA[Successfully clicked on [[FirefoxDriver: firefox on MAC (8df47a49-c650-4f82-be85-aeba9fabe17f)] -> css selector: input[type="submit"]]]]>
            </line>
            <line>
              <![CDATA[Data Johnnie Predovic successfully entered into [[FirefoxDriver: firefox on MAC (8df47a49-c650-4f82-be85-aeba9fabe17f)] -> id: inputName]]]>
            </line>
            <line>
              <![CDATA[Data 33538 Orn Terrace, Port Wilfred, CO 67864-9747 successfully entered into [[FirefoxDriver: firefox on MAC (8df47a49-c650-4f82-be85-aeba9fabe17f)] -> id: address]]]>
            </line>
            <line>
              <![CDATA[Data East Aracelis successfully entered into [[FirefoxDriver: firefox on MAC (8df47a49-c650-4f82-be85-aeba9fabe17f)] -> id: city]]]>
            </line>
            <line>
              <![CDATA[Data Virginia successfully entered into [[FirefoxDriver: firefox on MAC (8df47a49-c650-4f82-be85-aeba9fabe17f)] -> id: state]]]>
            </line>
            <line>
              <![CDATA[Data 99142 successfully entered into [[FirefoxDriver: firefox on MAC (8df47a49-c650-4f82-be85-aeba9fabe17f)] -> id: zipCode]]]>
            </line>
            <line>
              <![CDATA[Element: [[FirefoxDriver: firefox on MAC (8df47a49-c650-4f82-be85-aeba9fabe17f)] -> id: cardType]is selected]]>
            </line>
            <line>
              <![CDATA[Data 1228-1221-1221-1431 successfully entered into [[FirefoxDriver: firefox on MAC (8df47a49-c650-4f82-be85-aeba9fabe17f)] -> id: creditCardNumber]]]>
            </line>
            <line>
              <![CDATA[Data 10 successfully entered into [[FirefoxDriver: firefox on MAC (8df47a49-c650-4f82-be85-aeba9fabe17f)] -> id: creditCardMonth]]]>
            </line>
            <line>
              <![CDATA[Data 2005 successfully entered into [[FirefoxDriver: firefox on MAC (8df47a49-c650-4f82-be85-aeba9fabe17f)] -> id: creditCardYear]]]>
            </line>
            <line>
              <![CDATA[Data Johnnie Predovic successfully entered into [[FirefoxDriver: firefox on MAC (8df47a49-c650-4f82-be85-aeba9fabe17f)] -> id: nameOnCard]]]>
            </line>
            <line>
              <![CDATA[Successfully clicked on [[FirefoxDriver: firefox on MAC (8df47a49-c650-4f82-be85-aeba9fabe17f)] -> id: rememberMe]]]>
            </line>
            <line>
              <![CDATA[Successfully clicked on Proxy element for: DefaultElementLocator 'By.xpath: //input[@type='submit']']]>
            </line>
          </reporter-output>
        </test-method> <!-- verifyBookingFlightWithRememberMe -->
        <test-method status="PASS" signature="verifyBookingFlightWithoutUserDetails()[pri:0, instance:com.blazedemo.testcases.Blaze_Demo_Test@71d15f18]" name="verifyBookingFlightWithoutUserDetails" duration-ms="12078" started-at="2021-12-20T08:36:41 IST" description="Verify booking flight functionality without entering user details" finished-at="2021-12-20T08:36:53 IST">
          <reporter-output>
            <line>
              <![CDATA[https://blazedemo.com/index.php is loaded successfully]]>
            </line>
            <line>
              <![CDATA[Element: [[FirefoxDriver: firefox on MAC (8df47a49-c650-4f82-be85-aeba9fabe17f)] -> css selector: select[name="fromPort"]]is selected]]>
            </line>
            <line>
              <![CDATA[Element: [[FirefoxDriver: firefox on MAC (8df47a49-c650-4f82-be85-aeba9fabe17f)] -> css selector: select[name="toPort"]]is selected]]>
            </line>
            <line>
              <![CDATA[Successfully clicked on [[FirefoxDriver: firefox on MAC (8df47a49-c650-4f82-be85-aeba9fabe17f)] -> css selector: input[type="submit"]]]]>
            </line>
            <line>
              <![CDATA[Successfully clicked on Proxy element for: DefaultElementLocator 'By.xpath: //input[@type='submit']']]>
            </line>
          </reporter-output>
        </test-method> <!-- verifyBookingFlightWithoutUserDetails -->
        <test-method status="PASS" signature="tearDownMethod()[pri:0, instance:com.blazedemo.testcases.Blaze_Demo_Test@71d15f18]" name="tearDownMethod" is-config="true" duration-ms="423" started-at="2021-12-20T08:36:55 IST" finished-at="2021-12-20T08:36:55 IST">
          <reporter-output>
          </reporter-output>
        </test-method> <!-- tearDownMethod -->
      </class> <!-- com.blazedemo.testcases.Blaze_Demo_Test -->
    </test> <!-- Blaze_Demo_Test_FF -->
    <test name="Blaze_Demo_Test_Chrome " duration-ms="55535" started-at="2021-12-20T08:35:59 IST" finished-at="2021-12-20T08:36:55 IST">
      <class name="com.blazedemo.testcases.Blaze_Demo_Test">
        <test-method status="PASS" signature="setup(java.lang.String)[pri:0, instance:com.blazedemo.testcases.Blaze_Demo_Test@4516af24]" name="setup" is-config="true" duration-ms="4281" started-at="2021-12-20T08:35:59 IST" finished-at="2021-12-20T08:36:04 IST">
          <params>
            <param index="0">
              <value>
                <![CDATA[chrome]]>
              </value>
            </param>
          </params>
          <reporter-output>
          </reporter-output>
        </test-method> <!-- setup -->
        <test-method status="PASS" signature="verifyBookingFlight()[pri:0, instance:com.blazedemo.testcases.Blaze_Demo_Test@4516af24]" name="verifyBookingFlight" duration-ms="25149" started-at="2021-12-20T08:36:04 IST" description="Verify booking flight functionality" finished-at="2021-12-20T08:36:29 IST">
          <reporter-output>
            <line>
              <![CDATA[https://blazedemo.com/index.php is loaded successfully]]>
            </line>
            <line>
              <![CDATA[Element: [[ChromeDriver: chrome on MAC (257629b06b572516e5d0b938f97ac09f)] -> css selector: select[name="fromPort"]]is selected]]>
            </line>
            <line>
              <![CDATA[Element: [[ChromeDriver: chrome on MAC (257629b06b572516e5d0b938f97ac09f)] -> css selector: select[name="toPort"]]is selected]]>
            </line>
            <line>
              <![CDATA[Successfully clicked on [[ChromeDriver: chrome on MAC (257629b06b572516e5d0b938f97ac09f)] -> css selector: input[type="submit"]]]]>
            </line>
            <line>
              <![CDATA[Data Shaunda Aufderhar successfully entered into [[ChromeDriver: chrome on MAC (257629b06b572516e5d0b938f97ac09f)] -> id: inputName]]]>
            </line>
            <line>
              <![CDATA[Data 268 Schuppe Ways, Louisville, UT 14472 successfully entered into [[ChromeDriver: chrome on MAC (257629b06b572516e5d0b938f97ac09f)] -> id: address]]]>
            </line>
            <line>
              <![CDATA[Data Lake Luana successfully entered into [[ChromeDriver: chrome on MAC (257629b06b572516e5d0b938f97ac09f)] -> id: city]]]>
            </line>
            <line>
              <![CDATA[Data New Mexico successfully entered into [[ChromeDriver: chrome on MAC (257629b06b572516e5d0b938f97ac09f)] -> id: state]]]>
            </line>
            <line>
              <![CDATA[Data 81710 successfully entered into [[ChromeDriver: chrome on MAC (257629b06b572516e5d0b938f97ac09f)] -> id: zipCode]]]>
            </line>
            <line>
              <![CDATA[Element: [[ChromeDriver: chrome on MAC (257629b06b572516e5d0b938f97ac09f)] -> id: cardType]is selected]]>
            </line>
            <line>
              <![CDATA[Data 1234-2121-1221-1211 successfully entered into [[ChromeDriver: chrome on MAC (257629b06b572516e5d0b938f97ac09f)] -> id: creditCardNumber]]]>
            </line>
            <line>
              <![CDATA[Data 11 successfully entered into [[ChromeDriver: chrome on MAC (257629b06b572516e5d0b938f97ac09f)] -> id: creditCardMonth]]]>
            </line>
            <line>
              <![CDATA[Data 2014 successfully entered into [[ChromeDriver: chrome on MAC (257629b06b572516e5d0b938f97ac09f)] -> id: creditCardYear]]]>
            </line>
            <line>
              <![CDATA[Data Shaunda Aufderhar successfully entered into [[ChromeDriver: chrome on MAC (257629b06b572516e5d0b938f97ac09f)] -> id: nameOnCard]]]>
            </line>
            <line>
              <![CDATA[Successfully clicked on Proxy element for: DefaultElementLocator 'By.xpath: //input[@type='submit']']]>
            </line>
          </reporter-output>
        </test-method> <!-- verifyBookingFlight -->
        <test-method status="PASS" signature="verifyBookingFlightWithRememberMe()[pri:0, instance:com.blazedemo.testcases.Blaze_Demo_Test@4516af24]" name="verifyBookingFlightWithRememberMe" duration-ms="13143" started-at="2021-12-20T08:36:29 IST" description="Verify booking flight functionality with Remember Me option checked" finished-at="2021-12-20T08:36:42 IST">
          <reporter-output>
            <line>
              <![CDATA[https://blazedemo.com/index.php is loaded successfully]]>
            </line>
            <line>
              <![CDATA[Element: [[ChromeDriver: chrome on MAC (257629b06b572516e5d0b938f97ac09f)] -> css selector: select[name="fromPort"]]is selected]]>
            </line>
            <line>
              <![CDATA[Element: [[ChromeDriver: chrome on MAC (257629b06b572516e5d0b938f97ac09f)] -> css selector: select[name="toPort"]]is selected]]>
            </line>
            <line>
              <![CDATA[Successfully clicked on [[ChromeDriver: chrome on MAC (257629b06b572516e5d0b938f97ac09f)] -> css selector: input[type="submit"]]]]>
            </line>
            <line>
              <![CDATA[Data Mechelle Brakus successfully entered into [[ChromeDriver: chrome on MAC (257629b06b572516e5d0b938f97ac09f)] -> id: inputName]]]>
            </line>
            <line>
              <![CDATA[Data 6292 Hansen Spur, Port Tessa, ND 83658 successfully entered into [[ChromeDriver: chrome on MAC (257629b06b572516e5d0b938f97ac09f)] -> id: address]]]>
            </line>
            <line>
              <![CDATA[Data Uptonbury successfully entered into [[ChromeDriver: chrome on MAC (257629b06b572516e5d0b938f97ac09f)] -> id: city]]]>
            </line>
            <line>
              <![CDATA[Data Alaska successfully entered into [[ChromeDriver: chrome on MAC (257629b06b572516e5d0b938f97ac09f)] -> id: state]]]>
            </line>
            <line>
              <![CDATA[Data 44693 successfully entered into [[ChromeDriver: chrome on MAC (257629b06b572516e5d0b938f97ac09f)] -> id: zipCode]]]>
            </line>
            <line>
              <![CDATA[Element: [[ChromeDriver: chrome on MAC (257629b06b572516e5d0b938f97ac09f)] -> id: cardType]is selected]]>
            </line>
            <line>
              <![CDATA[Data 1212-1221-1121-1234 successfully entered into [[ChromeDriver: chrome on MAC (257629b06b572516e5d0b938f97ac09f)] -> id: creditCardNumber]]]>
            </line>
            <line>
              <![CDATA[Data 10 successfully entered into [[ChromeDriver: chrome on MAC (257629b06b572516e5d0b938f97ac09f)] -> id: creditCardMonth]]]>
            </line>
            <line>
              <![CDATA[Data 2019 successfully entered into [[ChromeDriver: chrome on MAC (257629b06b572516e5d0b938f97ac09f)] -> id: creditCardYear]]]>
            </line>
            <line>
              <![CDATA[Data Mechelle Brakus successfully entered into [[ChromeDriver: chrome on MAC (257629b06b572516e5d0b938f97ac09f)] -> id: nameOnCard]]]>
            </line>
            <line>
              <![CDATA[Successfully clicked on [[ChromeDriver: chrome on MAC (257629b06b572516e5d0b938f97ac09f)] -> id: rememberMe]]]>
            </line>
            <line>
              <![CDATA[Successfully clicked on Proxy element for: DefaultElementLocator 'By.xpath: //input[@type='submit']']]>
            </line>
          </reporter-output>
        </test-method> <!-- verifyBookingFlightWithRememberMe -->
        <test-method status="PASS" signature="verifyBookingFlightWithoutUserDetails()[pri:0, instance:com.blazedemo.testcases.Blaze_Demo_Test@4516af24]" name="verifyBookingFlightWithoutUserDetails" duration-ms="12521" started-at="2021-12-20T08:36:42 IST" description="Verify booking flight functionality without entering user details" finished-at="2021-12-20T08:36:55 IST">
          <reporter-output>
            <line>
              <![CDATA[https://blazedemo.com/index.php is loaded successfully]]>
            </line>
            <line>
              <![CDATA[Element: [[ChromeDriver: chrome on MAC (257629b06b572516e5d0b938f97ac09f)] -> css selector: select[name="fromPort"]]is selected]]>
            </line>
            <line>
              <![CDATA[Element: [[ChromeDriver: chrome on MAC (257629b06b572516e5d0b938f97ac09f)] -> css selector: select[name="toPort"]]is selected]]>
            </line>
            <line>
              <![CDATA[Successfully clicked on [[ChromeDriver: chrome on MAC (257629b06b572516e5d0b938f97ac09f)] -> css selector: input[type="submit"]]]]>
            </line>
            <line>
              <![CDATA[Successfully clicked on Proxy element for: DefaultElementLocator 'By.xpath: //input[@type='submit']']]>
            </line>
          </reporter-output>
        </test-method> <!-- verifyBookingFlightWithoutUserDetails -->
      </class> <!-- com.blazedemo.testcases.Blaze_Demo_Test -->
    </test> <!-- Blaze_Demo_Test_Chrome  -->
  </suite> <!-- Blaze Demo UI Automation Tests -->
</testng-results>
