<?xml version="1.0" encoding="UTF-8"?>
<!-- Generated by org.testng.reporters.JUnitXMLReporter -->
<testsuite hostname="Lokeshs-MacBook-Pro.local" ignored="0" name="Blaze_Demo_Test_Chrome " tests="3" failures="0" timestamp="2021-12-20T08:36:55 IST" time="55.535" errors="0">
  <testcase name="verifyBookingFlight" time="25.149" classname="com.blazedemo.testcases.Blaze_Demo_Test"/>
  <testcase name="verifyBookingFlightWithRememberMe" time="13.143" classname="com.blazedemo.testcases.Blaze_Demo_Test"/>
  <testcase name="verifyBookingFlightWithoutUserDetails" time="12.521" classname="com.blazedemo.testcases.Blaze_Demo_Test"/>
</testsuite> <!-- Blaze_Demo_Test_Chrome  -->
