<?xml version="1.0" encoding="UTF-8"?>
<!-- Generated by org.testng.reporters.JUnitXMLReporter -->
<testsuite hostname="Lokeshs-MacBook-Pro.local" ignored="0" name="Blaze_Demo_Test_Chrome " tests="3" failures="3" timestamp="2021-12-20T08:30:45 IST" time="45.607" errors="0">
  <testcase name="verifyBookingFlight" time="38.655" classname="com.blazedemo.testcases.Blaze_Demo_Test">
    <failure type="com.blazedemo.exception.AutomationException" message="Cannot navigate to invalid web URL, please specify valid web URL">
      <![CDATA[com.blazedemo.exception.AutomationException: Cannot navigate to invalid web URL, please specify valid web URL
at com.blazedemo.action.UtilityActions.loadWebApplication(UtilityActions.java:182)
at com.blazedemo.pages.TravelTheWorldPage.navigateToTravelPage(TravelTheWorldPage.java:74)
at com.blazedemo.testcases.Blaze_Demo_Test.verifyBookingFlight(Blaze_Demo_Test.java:31)
at java.util.ArrayList.forEach(ArrayList.java:1259)
at java.util.concurrent.FutureTask.run(FutureTask.java:266)
at java.util.concurrent.ThreadPoolExecutor.runWorker(ThreadPoolExecutor.java:1149)
at java.util.concurrent.ThreadPoolExecutor$Worker.run(ThreadPoolExecutor.java:624)
at java.lang.Thread.run(Thread.java:748)
... Removed 18 stack frames]]>
    </failure>
  </testcase> <!-- verifyBookingFlight -->
  <testcase name="verifyBookingFlightWithRememberMe" time="0.072" classname="com.blazedemo.testcases.Blaze_Demo_Test">
    <failure type="com.blazedemo.exception.AutomationException" message="Cannot navigate to invalid web URL, please specify valid web URL">
      <![CDATA[com.blazedemo.exception.AutomationException: Cannot navigate to invalid web URL, please specify valid web URL
at com.blazedemo.action.UtilityActions.loadWebApplication(UtilityActions.java:182)
at com.blazedemo.pages.TravelTheWorldPage.navigateToTravelPage(TravelTheWorldPage.java:74)
at com.blazedemo.testcases.Blaze_Demo_Test.verifyBookingFlightWithRememberMe(Blaze_Demo_Test.java:54)
at java.util.ArrayList.forEach(ArrayList.java:1259)
at java.util.concurrent.FutureTask.run(FutureTask.java:266)
at java.util.concurrent.ThreadPoolExecutor.runWorker(ThreadPoolExecutor.java:1149)
at java.util.concurrent.ThreadPoolExecutor$Worker.run(ThreadPoolExecutor.java:624)
at java.lang.Thread.run(Thread.java:748)
... Removed 18 stack frames]]>
    </failure>
  </testcase> <!-- verifyBookingFlightWithRememberMe -->
  <testcase name="verifyBookingFlightWithoutUserDetails" time="0.04" classname="com.blazedemo.testcases.Blaze_Demo_Test">
    <failure type="com.blazedemo.exception.AutomationException" message="Cannot navigate to invalid web URL, please specify valid web URL">
      <![CDATA[com.blazedemo.exception.AutomationException: Cannot navigate to invalid web URL, please specify valid web URL
at com.blazedemo.action.UtilityActions.loadWebApplication(UtilityActions.java:182)
at com.blazedemo.pages.TravelTheWorldPage.navigateToTravelPage(TravelTheWorldPage.java:74)
at com.blazedemo.testcases.Blaze_Demo_Test.verifyBookingFlightWithoutUserDetails(Blaze_Demo_Test.java:78)
at java.util.ArrayList.forEach(ArrayList.java:1259)
at java.util.concurrent.FutureTask.run(FutureTask.java:266)
at java.util.concurrent.ThreadPoolExecutor.runWorker(ThreadPoolExecutor.java:1149)
at java.util.concurrent.ThreadPoolExecutor$Worker.run(ThreadPoolExecutor.java:624)
at java.lang.Thread.run(Thread.java:748)
... Removed 18 stack frames]]>
    </failure>
  </testcase> <!-- verifyBookingFlightWithoutUserDetails -->
</testsuite> <!-- Blaze_Demo_Test_Chrome  -->
